This is pdfTeX, Version 3.14159265-2.6-1.40.17 (TeX Live 2016) (preloaded format=pdflatex 2017.1.13)  29 SEP 2018 11:42
entering extended mode
 restricted \write18 enabled.
 %&-line parsing enabled.
**/Users/peter/Desktop/Peter/JI/VE477/Labs/Lab3/lab3_2_1.py
(/Users/peter/Desktop/Peter/JI/VE477/Labs/Lab3/lab3_2_1.py
LaTeX2e <2016/03/31>
Babel <3.9r> and hyphenation patterns for 83 language(s) loaded.

! LaTeX Error: Missing \begin{document}.

See the LaTeX manual or LaTeX Companion for explanation.
Type  H <return>  for immediate help.
 ...                                              
                                                  
l.1 '
     ''
You're in trouble here.  Try typing  <return>  to proceed.
If that doesn't work, type  X <return>  to quit.

Missing character: There is no ' in font nullfont!
Missing character: There is no ' in font nullfont!
Missing character: There is no ' in font nullfont!
Missing character: There is no T in font nullfont!
Missing character: There is no i in font nullfont!
Missing character: There is no a in font nullfont!
Missing character: There is no n in font nullfont!
Missing character: There is no z in font nullfont!
Missing character: There is no e in font nullfont!
Missing character: There is no W in font nullfont!
Missing character: There is no a in font nullfont!
Missing character: There is no n in font nullfont!
Missing character: There is no g in font nullfont!
Missing character: There is no K in font nullfont!
Missing character: There is no n in font nullfont!
Missing character: There is no a in font nullfont!
Missing character: There is no p in font nullfont!
Missing character: There is no s in font nullfont!
Missing character: There is no a in font nullfont!
Missing character: There is no c in font nullfont!
Missing character: There is no k in font nullfont!
Missing character: There is no ' in font nullfont!
Missing character: There is no ' in font nullfont!
Missing character: There is no ' in font nullfont!

Overfull \hbox (20.0pt too wide) in paragraph at lines 1--5
[]
 []


! LaTeX Error: Missing \begin{document}.

See the LaTeX manual or LaTeX Companion for explanation.
Type  H <return>  for immediate help.
 ...                                              
                                                  
l.7 d
     ef knapsack_smallfirst(L, weight):
You're in trouble here.  Try typing  <return>  to proceed.
If that doesn't work, type  X <return>  to quit.

Missing character: There is no d in font nullfont!
Missing character: There is no e in font nullfont!
Missing character: There is no f in font nullfont!
Missing character: There is no k in font nullfont!
Missing character: There is no n in font nullfont!
Missing character: There is no a in font nullfont!
Missing character: There is no p in font nullfont!
Missing character: There is no s in font nullfont!
Missing character: There is no a in font nullfont!
Missing character: There is no c in font nullfont!
Missing character: There is no k in font nullfont!
! Missing $ inserted.
<inserted text> 
                $
l.7 def knapsack_
                 smallfirst(L, weight):
I've inserted a begin-math/end-math symbol since I think
you left one out. Proceed, with fingers crossed.

LaTeX Font Info:    External font `cmex10' loaded for size
(Font)              <7> on input line 7.
LaTeX Font Info:    External font `cmex10' loaded for size
(Font)              <5> on input line 7.
! Missing $ inserted.
<inserted text> 
                $
l.20 
     
I've inserted a begin-math/end-math symbol since I think
you left one out. Proceed, with fingers crossed.


Overfull \hbox (20.0pt too wide) in paragraph at lines 7--20
[]
 []


Overfull \hbox (115.5849pt too wide) in paragraph at lines 7--20
[]\OML/cmm/m/it/10 mallfirst\OT1/cmr/m/n/10 (\OML/cmm/m/it/10 L; weight\OT1/cmr
/m/n/10 ) :[]=
 []


Overfull \hbox (64.58649pt too wide) in paragraph at lines 7--20
\OT1/cmr/m/n/10 []\OML/cmm/m/it/10 current[]ei \OT1/cmr/m/n/10 =
 []


Overfull \hbox (45.86255pt too wide) in paragraph at lines 7--20
\OT1/cmr/m/n/10 0\OML/cmm/m/it/10 foriinL \OT1/cmr/m/n/10 :
 []


Overfull \hbox (65.6706pt too wide) in paragraph at lines 7--20
\OML/cmm/m/it/10 ifcurrent[]ei \OT1/cmr/m/n/10 +
 []


Overfull \hbox (14.00064pt too wide) in paragraph at lines 7--20
\OML/cmm/m/it/10 i <
 []


Overfull \hbox (35.5863pt too wide) in paragraph at lines 7--20
\OML/cmm/m/it/10 weight \OT1/cmr/m/n/10 :
 []


Overfull \hbox (66.80872pt too wide) in paragraph at lines 7--20
\OML/cmm/m/it/10 current[]ei\OT1/cmr/m/n/10 + =
 []


Overfull \hbox (128.15129pt too wide) in paragraph at lines 7--20
\OML/cmm/m/it/10 i[]:append\OT1/cmr/m/n/10 (\OML/cmm/m/it/10 i\OT1/cmr/m/n/10 )
\OML/cmm/m/it/10 elifcurrent[]ei \OT1/cmr/m/n/10 +
 []


Overfull \hbox (21.77844pt too wide) in paragraph at lines 7--20
\OML/cmm/m/it/10 i \OT1/cmr/m/n/10 ==
 []


Overfull \hbox (35.5863pt too wide) in paragraph at lines 7--20
\OML/cmm/m/it/10 weight \OT1/cmr/m/n/10 :
 []


Overfull \hbox (66.80872pt too wide) in paragraph at lines 7--20
\OML/cmm/m/it/10 current[]ei\OT1/cmr/m/n/10 + =
 []


Overfull \hbox (112.93915pt too wide) in paragraph at lines 7--20
\OML/cmm/m/it/10 i[]:append\OT1/cmr/m/n/10 (\OML/cmm/m/it/10 i\OT1/cmr/m/n/10 )
\OML/cmm/m/it/10 return[]else \OT1/cmr/m/n/10 :
 []


Overfull \hbox (142.155pt too wide) in paragraph at lines 7--20
\OML/cmm/m/it/10 returnknapsack[]mallfirst\OT1/cmr/m/n/10 (\OML/cmm/m/it/10 L\O
T1/cmr/m/n/10 [1 :
 []


Overfull \hbox (41.1419pt too wide) in paragraph at lines 7--20
\OT1/cmr/m/n/10 ]\OML/cmm/m/it/10 ; weight\OT1/cmr/m/n/10 )$ 
 []


! LaTeX Error: Missing \begin{document}.

See the LaTeX manual or LaTeX Companion for explanation.
Type  H <return>  for immediate help.
 ...                                              
                                                  
l.22 L
       = [1, 2, 3, 4, 6, 7]
You're in trouble here.  Try typing  <return>  to proceed.
If that doesn't work, type  X <return>  to quit.

Missing character: There is no L in font nullfont!
Missing character: There is no = in font nullfont!
Missing character: There is no [ in font nullfont!
Missing character: There is no 1 in font nullfont!
Missing character: There is no , in font nullfont!
Missing character: There is no 2 in font nullfont!
Missing character: There is no , in font nullfont!
Missing character: There is no 3 in font nullfont!
Missing character: There is no , in font nullfont!
Missing character: There is no 4 in font nullfont!
Missing character: There is no , in font nullfont!
Missing character: There is no 6 in font nullfont!
Missing character: There is no , in font nullfont!
Missing character: There is no 7 in font nullfont!
Missing character: There is no ] in font nullfont!
Missing character: There is no w in font nullfont!
Missing character: There is no e in font nullfont!
Missing character: There is no i in font nullfont!
Missing character: There is no g in font nullfont!
Missing character: There is no h in font nullfont!
Missing character: There is no t in font nullfont!
Missing character: There is no = in font nullfont!
Missing character: There is no 5 in font nullfont!
Missing character: There is no a in font nullfont!
Missing character: There is no = in font nullfont!
Missing character: There is no k in font nullfont!
Missing character: There is no n in font nullfont!
Missing character: There is no a in font nullfont!
Missing character: There is no p in font nullfont!
Missing character: There is no s in font nullfont!
Missing character: There is no a in font nullfont!
Missing character: There is no c in font nullfont!
Missing character: There is no k in font nullfont!
! Missing $ inserted.
<inserted text> 
                $
l.24 a = knapsack_
                  smallfirst(L, weight)
I've inserted a begin-math/end-math symbol since I think
you left one out. Proceed, with fingers crossed.

)
! Emergency stop.
<*> ...esktop/Peter/JI/VE477/Labs/Lab3/lab3_2_1.py
                                                  
*** (job aborted, no legal \end found)

 
Here is how much of TeX's memory you used:
 10 strings out of 493014
 350 string characters out of 6133351
 54601 words of memory out of 5000000
 3650 multiletter control sequences out of 15000+600000
 3640 words of font info for 14 fonts, out of 8000000 for 9000
 1141 hyphenation exceptions out of 8191
 18i,1n,12p,113b,56s stack positions out of 5000i,500n,10000p,200000b,80000s
!  ==> Fatal error occurred, no output PDF file produced!
