\BOOKMARK [1][-]{section.1}{Time\040vs.\040Space}{}% 1
\BOOKMARK [2][-]{subsection.1.1}{NUDT}{section.1}% 2
\BOOKMARK [2][-]{subsection.1.2}{PC}{section.1}% 3
\BOOKMARK [2][-]{subsection.1.3}{Storage}{section.1}% 4
\BOOKMARK [1][-]{section.2}{Critical\040Thinking}{}% 5
\BOOKMARK [1][-]{section.3}{Algorithm\040and\040Complexity}{}% 6
\BOOKMARK [2][-]{subsection.3.1}{Algorithm}{section.3}% 7
\BOOKMARK [2][-]{subsection.3.2}{Complexity}{section.3}% 8
\BOOKMARK [1][-]{section.4}{SAT\040to\0403-SAT}{}% 9
\BOOKMARK [1][-]{section.5}{Clique\040Problem}{}% 10
\BOOKMARK [2][-]{subsection.5.1}{Definition}{section.5}% 11
\BOOKMARK [2][-]{subsection.5.2}{NP}{section.5}% 12
\BOOKMARK [2][-]{subsection.5.3}{3-SAT\040to\040Clique}{section.5}% 13
\BOOKMARK [2][-]{subsection.5.4}{Complexity\040Class}{section.5}% 14
\BOOKMARK [1][-]{section.6}{IND-SET\040problem}{}% 15
\BOOKMARK [2][-]{subsection.6.1}{Definition}{section.6}% 16
\BOOKMARK [2][-]{subsection.6.2}{Definition\040II}{section.6}% 17
\BOOKMARK [2][-]{subsection.6.3}{NP}{section.6}% 18
\BOOKMARK [2][-]{subsection.6.4}{Graph\040construction}{section.6}% 19
\BOOKMARK [2][-]{subsection.6.5}{Complexity\040Class}{section.6}% 20
